[18:37:51] [ServerMain/INFO]: [bootstrap] Running Java 21 (OpenJDK 64-Bit Server VM 21.0.6+7-Ubuntu-120.04.1; Ubuntu null) on Linux 6.8.0-1021-azure (amd64)
[18:37:51] [ServerMain/INFO]: [bootstrap] Loading Paper 1.21.4-222-main@9b1798d (2025-03-27T13:35:40Z) for Minecraft 1.21.4
[18:37:51] [ServerMain/INFO]: [PluginInitializerManager] Initializing plugins...
[18:37:52] [ServerMain/INFO]: [PluginInitializerManager] Initialized 19 plugins
[18:37:52] [ServerMain/INFO]: [PluginInitializerManager] Bukkit plugins (19):
 - CataMines (2.5.11), ClearLag (3.2.2), CommandPanels (3.21.5), DiscordSRV (1.29.0), Essentials (2.21.0), EssentialsChat (2.21.1-dev+12-8455212), EssentialsSpawn (2.21.1-dev+12-8455212), Geyser-Spigot (2.7.0-SNAPSHOT), LuckPerms (5.4.158), Multiverse-Core (4.3.14), PhoenixCratesLite (4.0), PlaceholderAPI (2.11.6), RealScoreboard (1.5.3), ServersNPC (5.0), Vault (1.7.3-b131), ViaVersion (5.3.1), WorldEdit (7.3.11+7055-8357a12), WorldGuard (7.0.13+82fdc65), floodgate (2.2.4-SNAPSHOT (b116-0e3163c))
[18:37:57] [ServerMain/WARN]: resource-pack-id missing, using default of 68e6cc94-691c-3ff0-96db-150c188c8bde
[18:37:58] [ServerMain/INFO]: Environment: Environment[sessionHost=https://sessionserver.mojang.com, servicesHost=https://api.minecraftservices.com, name=PROD]
[18:38:00] [ServerMain/INFO]: Loaded 1370 recipes
[18:38:00] [ServerMain/INFO]: Loaded 1481 advancements
[18:38:00] [ServerMain/INFO]: [MCTypeRegistry] Initialising converters for DataConverter...
[18:38:00] [ServerMain/INFO]: [MCTypeRegistry] Finished initialising converters for DataConverter in 233.3ms
[18:38:00] [Server thread/INFO]: Starting minecraft server version 1.21.4
[18:38:00] [Server thread/INFO]: Loading properties
[18:38:00] [Server thread/INFO]: This server is running Paper version 1.21.4-222-main@9b1798d (2025-03-27T13:35:40Z) (Implementing API version 1.21.4-R0.1-SNAPSHOT)
[18:38:00] [Server thread/INFO]: [spark] This server bundles the spark profiler. For more information please visit https://docs.papermc.io/paper/profiling
[18:38:00] [Server thread/INFO]: Server Ping Player Sample Count: 12
[18:38:00] [Server thread/INFO]: Using 4 threads for Netty based IO
[18:38:01] [Server thread/INFO]: [MoonriseCommon] Paper is using 1 worker threads, 1 I/O threads
[18:38:01] [Server thread/INFO]: [ChunkTaskScheduler] Chunk system is using population gen parallelism: true
[18:38:01] [Server thread/INFO]: Default game type: SURVIVAL
[18:38:01] [Server thread/INFO]: Generating keypair
[18:38:01] [Server thread/INFO]: Starting Minecraft server on *:25565
[18:38:01] [Server thread/INFO]: Using epoll channel type
[18:38:01] [Server thread/INFO]: Paper: Using libdeflate (Linux x86_64) compression from Velocity.
[18:38:01] [Server thread/INFO]: Paper: Using OpenSSL 1.1.x (Linux x86_64) cipher from Velocity.
[18:38:03] [Server thread/INFO]: [ViaVersion] Loading server plugin ViaVersion v5.3.1
[18:38:03] [Server thread/INFO]: [ViaVersion] ViaVersion 5.3.1 is now loaded. Registering protocol transformers and injecting...
[18:38:03] [Via-Mappingloader-0/INFO]: [ViaVersion] Loading block connection mappings ...
[18:38:04] [Via-Mappingloader-0/INFO]: [ViaVersion] Using FastUtil Long2ObjectOpenHashMap for block connections
[18:38:04] [Server thread/INFO]: [LuckPerms] Loading server plugin LuckPerms v5.4.158
[18:38:04] [Server thread/INFO]: [Vault] Loading server plugin Vault v1.7.3-b131
[18:38:04] [Server thread/INFO]: [PlaceholderAPI] Loading server plugin PlaceholderAPI v2.11.6
[18:38:04] [Server thread/INFO]: [WorldEdit] Loading server plugin WorldEdit v7.3.11+7055-8357a12
[18:38:05] [Server thread/INFO]: Got request to register class com.sk89q.worldedit.bukkit.BukkitServerInterface with WorldEdit [com.sk89q.worldedit.extension.platform.PlatformManager@10d6e1d2]
[18:38:05] [Server thread/INFO]: [Multiverse-Core] Loading server plugin Multiverse-Core v4.3.14
[18:38:05] [Server thread/INFO]: [Essentials] Loading server plugin Essentials v2.21.0
[18:38:05] [Server thread/INFO]: [floodgate] Loading server plugin floodgate v2.2.4-SNAPSHOT (b116-0e3163c)
[18:38:06] [Server thread/WARN]: [floodgate] en_ is not a supported Floodgate language.
[18:38:06] [Server thread/INFO]: [floodgate] Took 697ms to boot Floodgate
[18:38:06] [Server thread/INFO]: [CataMines] Loading server plugin CataMines v2.5.11
[18:38:06] [Server thread/INFO]: [ServersNPC] Loading server plugin ServersNPC v5.0
[18:38:06] [Server thread/INFO]: [RealScoreboard] Loading server plugin RealScoreboard v1.5.3
[18:38:06] [Server thread/INFO]: [ClearLag] Loading server plugin ClearLag v3.2.2
[18:38:06] [Server thread/INFO]: [WorldGuard] Loading server plugin WorldGuard v7.0.13+82fdc65
[18:38:06] [Server thread/INFO]: [PhoenixCratesLite] Loading server plugin PhoenixCratesLite v4.0
[18:38:06] [Server thread/INFO]: [EssentialsChat] Loading server plugin EssentialsChat v2.21.1-dev+12-8455212
[18:38:06] [Server thread/INFO]: [Geyser-Spigot] Loading server plugin Geyser-Spigot v2.7.0-SNAPSHOT
[18:38:06] [Server thread/INFO]: [Geyser-Spigot] Loading extensions...
[18:38:06] [Server thread/INFO]: [Geyser-Spigot] Loaded 0 extension(s)
[18:38:06] [Server thread/INFO]: [CommandPanels] Loading server plugin CommandPanels v3.21.5
[18:38:06] [Server thread/INFO]: [EssentialsSpawn] Loading server plugin EssentialsSpawn v2.21.1-dev+12-8455212
[18:38:06] [Server thread/INFO]: [DiscordSRV] Loading server plugin DiscordSRV v1.29.0
[18:38:06] [Server thread/INFO]: Server permissions file permissions.yml is empty, ignoring it
[18:38:06] [Server thread/INFO]: [LuckPerms] Enabling LuckPerms v5.4.158
[18:38:07] [Server thread/INFO]:         __    
[18:38:07] [Server thread/INFO]:   |    |__)   LuckPerms v5.4.158
[18:38:07] [Server thread/INFO]:   |___ |      Running on Bukkit - Paper
[18:38:07] [Server thread/INFO]: 
[18:38:07] [Server thread/INFO]: [LuckPerms] Loading configuration...
[18:38:07] [Server thread/INFO]: [LuckPerms] Loading storage provider... [H2]
[18:38:07] [Server thread/INFO]: [LuckPerms] Loading internal permission managers...
[18:38:07] [Server thread/INFO]: [LuckPerms] Performing initial data load...
[18:38:08] [Server thread/INFO]: [LuckPerms] Successfully enabled. (took 1523ms)
[18:38:08] [Server thread/INFO]: [Vault] Enabling Vault v1.7.3-b131
[18:38:08] [Server thread/INFO]: [Vault] [Economy] Essentials Economy found: Waiting
[18:38:08] [Server thread/INFO]: [Vault] [Permission] SuperPermissions loaded as backup permission system.
[18:38:08] [Server thread/INFO]: [Vault] Enabled Version 1.7.3-b131
[18:38:08] [Server thread/INFO]: [LuckPerms] Registered Vault permission & chat hook.
[18:38:08] [Server thread/INFO]: [WorldEdit] Enabling WorldEdit v7.3.11+7055-8357a12
[18:38:08] [Server thread/INFO]: Registering commands with com.sk89q.worldedit.bukkit.BukkitServerInterface
[18:38:08] [Server thread/INFO]: WEPIF: Vault detected! Using Vault for permissions
[18:38:08] [Server thread/INFO]: Using com.sk89q.worldedit.bukkit.adapter.impl.v1_21_4.PaperweightAdapter as the Bukkit adapter
[18:38:10] [Server thread/WARN]: **** SERVER IS RUNNING IN OFFLINE/INSECURE MODE!
[18:38:10] [Server thread/WARN]: The server will make no attempt to authenticate usernames. Beware.
[18:38:10] [Server thread/WARN]: While this makes the game possible to play without internet access, it also opens up the ability for hackers to connect with any username they choose.
[18:38:10] [Server thread/WARN]: To change this, set "online-mode" to "true" in the server.properties file.
[18:38:10] [Server thread/INFO]: Preparing level "world"
[18:38:11] [Server thread/INFO]: Preparing start region for dimension minecraft:overworld
[18:38:11] [Server thread/INFO]: Preparing spawn area: 0%
[18:38:12] [Server thread/INFO]: Preparing spawn area: 0%
[18:38:12] [Server thread/INFO]: Time elapsed: 844 ms
[18:38:12] [Server thread/INFO]: Preparing start region for dimension minecraft:the_nether
[18:38:12] [Server thread/INFO]: Preparing spawn area: 0%
[18:38:12] [Server thread/INFO]: Time elapsed: 256 ms
[18:38:12] [Server thread/INFO]: Preparing start region for dimension minecraft:the_end
[18:38:12] [Server thread/INFO]: Preparing spawn area: 0%
[18:38:13] [Server thread/INFO]: Preparing spawn area: 57%
[18:38:13] [Server thread/INFO]: Time elapsed: 795 ms
[18:38:13] [Server thread/INFO]: [ViaVersion] Enabling ViaVersion v5.3.1
[18:38:13] [Server thread/INFO]: [ViaVersion] ViaVersion detected server version: 1.21.4 (769)
[18:38:13] [Server thread/INFO]: [PlaceholderAPI] Enabling PlaceholderAPI v2.11.6
[18:38:13] [Server thread/INFO]: [PlaceholderAPI] Fetching available expansion information...
[18:38:13] [Server thread/INFO]: [Multiverse-Core] Enabling Multiverse-Core v4.3.14
[18:38:13] [Server thread/WARN]: [Multiverse-Core] "Multiverse-Core v4.3.14" has registered a listener for org.bukkit.event.entity.EntityCreatePortalEvent on method "public void com.onarandombox.MultiverseCore.listeners.MVPortalListener.entityPortalCreate(org.bukkit.event.entity.EntityCreatePortalEvent)", but the event is Deprecated. "Server performance will be affected"; please notify the authors [dumptruckman, Rigby, fernferret, lithium3141, main--].
[18:38:13] [Server thread/INFO]: [Multiverse-Core] §aWe are aware of the warning about the deprecated event. There is no alternative that allows us to do what we need to do and performance impact is negligible. It is safe to ignore.
[18:38:13] [Server thread/INFO]: Preparing start region for dimension minecraft:flatroom
[18:38:13] [Server thread/INFO]: Preparing spawn area: 0%
[18:38:13] [Server thread/INFO]: Time elapsed: 208 ms
[18:38:13] [Server thread/INFO]: [Multiverse-Core] 4 - World(s) loaded.
[18:38:13] [Server thread/WARN]: [Multiverse-Core] Buscript failed to load! The script command will be disabled! If you would like not to see this message, use `/mv conf enablebuscript false` to disable Buscript from loading.
[18:38:13] [Server thread/INFO]: [Multiverse-Core] Version 4.3.14 (API v24) Enabled - By dumptruckman, Rigby, fernferret, lithium3141 and main--
[18:38:13] [Server thread/INFO]: [Essentials] Enabling Essentials v2.21.0
[18:38:14] [Server thread/WARN]: [Essentials] Version mismatch! Please update EssentialsChat to the same version.
[18:38:14] [Server thread/WARN]: [Essentials] Version mismatch! Please update EssentialsSpawn to the same version.
[18:38:14] [Server thread/INFO]: [Essentials] Attempting to convert old kits in config.yml to new kits.yml
[18:38:14] [Server thread/INFO]: [Essentials] No kits found to migrate.
[18:38:14] [Server thread/INFO]: [Essentials] Selected 1.21.4+ Sync Commands Provider as the provider for SyncCommandsProvider
[18:38:14] [Server thread/INFO]: [Essentials] Selected Paper Container Provider as the provider for ContainerProvider
[18:38:14] [Server thread/INFO]: [Essentials] Selected 1.11+ Item Unbreakable Provider as the provider for ItemUnbreakableProvider
[18:38:14] [Server thread/INFO]: [Essentials] Selected 1.14.4+ Persistent Data Container Provider as the provider for PersistentDataProvider
[18:38:14] [Server thread/INFO]: [Essentials] Selected 1.12.2+ Player Locale Provider as the provider for PlayerLocaleProvider
[18:38:14] [Server thread/INFO]: [Essentials] Selected Paper Known Commands Provider as the provider for KnownCommandsProvider
[18:38:14] [Server thread/INFO]: [Essentials] Selected 1.17.1+ World Info Provider as the provider for WorldInfoProvider
[18:38:14] [Server thread/INFO]: [Essentials] Selected Reflection Formatted Command Alias Provider as the provider for FormattedCommandAliasProvider
[18:38:14] [Server thread/INFO]: [Essentials] Selected Paper Server State Provider as the provider for ServerStateProvider
[18:38:14] [Server thread/INFO]: [Essentials] Selected 1.12+ Spawner Block Provider as the provider for SpawnerBlockProvider
[18:38:14] [Server thread/INFO]: [Essentials] Selected 1.21+ InventoryView Interface ABI Provider as the provider for InventoryViewProvider
[18:38:14] [Server thread/INFO]: [Essentials] Selected Paper Biome Key Provider as the provider for BiomeKeyProvider
[18:38:14] [Server thread/INFO]: [Essentials] Selected 1.20.5+ Banner Data Provider as the provider for BannerDataProvider
[18:38:14] [Server thread/INFO]: [Essentials] Selected 1.20.6+ Potion Meta Provider as the provider for PotionMetaProvider
[18:38:14] [Server thread/INFO]: [Essentials] Selected Paper Tick Count Provider as the provider for TickCountProvider
[18:38:14] [Server thread/INFO]: [Essentials] Selected 1.8.3+ Spawner Item Provider as the provider for SpawnerItemProvider
[18:38:14] [Server thread/INFO]: [Essentials] Selected 1.14+ Sign Data Provider as the provider for SignDataProvider
[18:38:14] [Server thread/INFO]: [Essentials] Selected Reflection Online Mode Provider as the provider for OnlineModeProvider
[18:38:14] [Server thread/INFO]: [Essentials] Selected Paper Serialization Provider as the provider for SerializationProvider
[18:38:14] [Server thread/INFO]: [Essentials] Selected Paper Material Tag Provider as the provider for MaterialTagProvider
[18:38:14] [Server thread/INFO]: [Essentials] Selected 1.20.4+ Damage Event Provider as the provider for DamageEventProvider
[18:38:14] [Server thread/INFO]: [Essentials] Selected 1.13+ Spawn Egg Provider as the provider for SpawnEggProvider
[18:38:14] [Server thread/INFO]: [Essentials] Loaded 43465 items from items.json.
[18:38:14] [Server thread/INFO]: [Essentials] Using locale en
[18:38:14] [Server thread/INFO]: [Essentials] ServerListPingEvent: Spigot iterator API
[18:38:14] [Server thread/INFO]: [Essentials] Starting Metrics. Opt-out using the global bStats config.
[18:38:14] [Server thread/INFO]: [Vault] [Economy] Essentials Economy hooked.
[18:38:14] [Server thread/INFO]: [Essentials] Using Vault based permissions (LuckPerms)
[18:38:14] [Server thread/INFO]: [floodgate] Enabling floodgate v2.2.4-SNAPSHOT (b116-0e3163c)
[18:38:15] [Server thread/INFO]: [CataMines] Enabling CataMines v2.5.11
[18:38:15] [Server thread/INFO]: [CataMines] Loading config file
[18:38:15] [Server thread/INFO]: [PlaceholderAPI] Successfully registered internal expansion: catamines [2.5.11]
[18:38:15] [Server thread/INFO]: [ServersNPC] Enabling ServersNPC v5.0
[18:38:15] [Server thread/INFO]: [RealScoreboard] Enabling RealScoreboard v1.5.3
[18:38:15] [Server thread/INFO]: [RealScoreboard]    ____            _ ____                     _                         _
[18:38:15] [Server thread/INFO]: [RealScoreboard]   |  _ \ ___  __ _| / ___|  ___ ___  _ __ ___| |__   ___   __ _ _ __ __| |
[18:38:15] [Server thread/INFO]: [RealScoreboard]   | |_) / _ \/ _` | \___ \ / __/ _ \| '__/ _ \ '_ \ / _ \ / _` | '__/ _` |
[18:38:15] [Server thread/INFO]: [RealScoreboard]   |  _ <  __/ (_| | |___) | (_| (_) | | |  __/ |_) | (_) | (_| | | | (_| |
[18:38:15] [Server thread/INFO]: [RealScoreboard]   |_| \_\___|\__,_|_|____/ \___\___/|_|  \___|_.__/ \___/ \__,_|_|  \__,_|
[18:38:15] [Server thread/INFO]: [RealScoreboard]   Made by: JoseGamer_PT 		                      Version: 1.5.3
[18:38:15] [Server thread/INFO]: [RealScoreboard] 
[18:38:15] [Server thread/INFO]: [RealScoreboard] Loaded 2 conditions.
[18:38:16] [Server thread/INFO]: [RealScoreboard] Loaded 1 scoreboards.
[18:38:16] [Server thread/INFO]: [RealScoreboard] Server version: 1.21.4-R0.1-SNAPSHOT
[18:38:16] [Server thread/INFO]: [RealScoreboard] Finished loading in 0.632 seconds.
[18:38:16] [Server thread/INFO]: [RealScoreboard] <------------------ RealScoreboard v1.5.3 ------------------>
[18:38:16] [Server thread/INFO]: [ClearLag] Enabling ClearLag v3.2.2
[18:38:16] [Server thread/INFO]: [ClearLag] Using version-adapter: LatestVersionAdapter
[18:38:16] [Server thread/INFO]: [ClearLag] Loading modules...
[18:38:16] [Server thread/WARN]: [ClearLag] Clearlag failed to use the internal TPS tracker during initialization. Reverted to estimation... (Index 3 out of bounds for length 3)
[18:38:16] [Server thread/INFO]: [ClearLag] Modules enabed, loading config values
[18:38:16] [Server thread/INFO]: [ClearLag] Modules have been loaded!
[18:38:16] [Server thread/INFO]: [ClearLag] Clearlag is now enabled!
[18:38:16] [Thread-11/WARN]: [ClearLag] Clearlag failed to check for updates - bukkit may be down
[18:38:16] [Thread-11/WARN]: java.lang.ArrayIndexOutOfBoundsException: Index 3 out of bounds for length 3
[18:38:16] [Thread-11/WARN]: 	at Clearlag.jar//me.minebuilders.clearlag.Util.getBukkitVersion(Util.java:105)
[18:38:16] [Thread-11/WARN]: 	at Clearlag.jar//me.minebuilders.clearlag.BukkitUpdater.updateAvailable(BukkitUpdater.java:32)
[18:38:16] [Thread-11/WARN]: 	at Clearlag.jar//me.minebuilders.clearlag.BukkitUpdater.run(BukkitUpdater.java:82)
[18:38:16] [Thread-11/WARN]: 	at java.base/java.lang.Thread.run(Thread.java:1583)
[18:38:16] [Server thread/INFO]: [WorldGuard] Enabling WorldGuard v7.0.13+82fdc65
[18:38:16] [Server thread/INFO]: [WorldGuard] (world) TNT ignition is PERMITTED.
[18:38:16] [Server thread/INFO]: [WorldGuard] (world) Lighters are PERMITTED.
[18:38:16] [Server thread/INFO]: [WorldGuard] (world) Lava fire is PERMITTED.
[18:38:16] [Server thread/INFO]: [WorldGuard] (world) Fire spread is UNRESTRICTED.
[18:38:16] [Server thread/INFO]: [WorldGuard] Loaded configuration for world 'world'
[18:38:16] [Server thread/INFO]: [WorldGuard] (world_nether) TNT ignition is PERMITTED.
[18:38:16] [Server thread/INFO]: [WorldGuard] (world_nether) Lighters are PERMITTED.
[18:38:16] [Server thread/INFO]: [WorldGuard] (world_nether) Lava fire is PERMITTED.
[18:38:16] [Server thread/INFO]: [WorldGuard] (world_nether) Fire spread is UNRESTRICTED.
[18:38:16] [Server thread/INFO]: [WorldGuard] Loaded configuration for world 'world_nether'
[18:38:16] [Server thread/INFO]: [WorldGuard] (world_the_end) TNT ignition is PERMITTED.
[18:38:16] [Server thread/INFO]: [WorldGuard] (world_the_end) Lighters are PERMITTED.
[18:38:16] [Server thread/INFO]: [WorldGuard] (world_the_end) Lava fire is PERMITTED.
[18:38:16] [Server thread/INFO]: [WorldGuard] (world_the_end) Fire spread is UNRESTRICTED.
[18:38:16] [Server thread/INFO]: [WorldGuard] Loaded configuration for world 'world_the_end'
[18:38:16] [Server thread/INFO]: [WorldGuard] (flatroom) TNT ignition is PERMITTED.
[18:38:16] [Server thread/INFO]: [WorldGuard] (flatroom) Lighters are PERMITTED.
[18:38:16] [Server thread/INFO]: [WorldGuard] (flatroom) Lava fire is PERMITTED.
[18:38:16] [Server thread/INFO]: [WorldGuard] (flatroom) Fire spread is UNRESTRICTED.
[18:38:16] [Server thread/INFO]: [WorldGuard] Loaded configuration for world 'flatroom'
[18:38:16] [Server thread/INFO]: [WorldGuard] Loading region data...
[18:38:16] [Server thread/INFO]: [PhoenixCratesLite] Enabling PhoenixCratesLite v4.0
[18:38:16] [Server thread/INFO]: Loading cross version adapter...
[18:38:16] [Server thread/WARN]: [org.bukkit.craftbukkit.legacy.CraftLegacy] Initializing Legacy Material Support. Unless you have legacy plugins and/or data this is a bug!
[18:38:24] [Server thread/INFO]:   ____    ____                               
[18:38:24] [Server thread/INFO]:  |  _ \  / ___|                              
[18:38:24] [Server thread/INFO]:  | |_) || |       Phoenix Crates Lite v4.0      
[18:38:24] [Server thread/INFO]:  |  __/ | |___    https://myphoenixstore.com/
[18:38:24] [Server thread/INFO]:  |_|     \____|                             
[18:38:24] [Server thread/INFO]:                                                  
[18:38:24] [Server thread/INFO]: You are using a Lite version of Phoenix Crates.
[18:38:24] [Server thread/INFO]: Some of the features are locked behind the premium version.
[18:38:24] [Server thread/INFO]: 
[18:38:24] [Server thread/INFO]: If you want to unlock the next level for your server, upgrade now:
[18:38:24] [Server thread/INFO]: https://www.myphoenixstore.com/plans/phoenix-crates
[18:38:24] [Server thread/INFO]: 
[18:38:24] [Server thread/INFO]: Loading settings...
[18:38:24] [Server thread/INFO]: Loading file "config.yml".
[18:38:24] [Server thread/INFO]: File "config.yml" is up to date. Importing configurations.
[18:38:24] [Server thread/INFO]: Checking for possible migrations...
[18:38:24] [Server thread/INFO]: [PhoenixCratesLite] No migrations to run.
[18:38:24] [Server thread/INFO]: Vault founded. Preparing Economy...
[18:38:24] [Server thread/INFO]: Placeholder API founded. Preparing placeholders...
[18:38:24] [Server thread/INFO]: [PlaceholderAPI] Successfully registered internal expansion: phoenixcrates [1.0.0]
[18:38:24] [Server thread/INFO]: Loading components...
[18:38:24] [Server thread/INFO]: Loading database...
[18:38:24] [Server thread/WARN]: 5 [Server thread] INFO com.phoenixplugins.phoenixcrates.lib.hikari.HikariDataSource - CyberSQLitePool - Starting...
[18:38:24] [Server thread/WARN]: 23 [Server thread] INFO com.phoenixplugins.phoenixcrates.lib.hikari.HikariDataSource - CyberSQLitePool - Start completed.
[18:38:24] [Server thread/INFO]: Loading menus...
[18:38:24] [Server thread/INFO]: Loading file "menus/default_rewards_preview.yml".
[18:38:24] [Server thread/INFO]: File "menus/default_rewards_preview.yml" is up to date. Importing configurations.
[18:38:24] [Server thread/INFO]: Loading file "menus/default_crate_milestones.yml".
[18:38:24] [Server thread/INFO]: File "menus/default_crate_milestones.yml" is up to date. Importing configurations.
[18:38:24] [Server thread/INFO]: Loading file "menus/default_select_reward.yml".
[18:38:24] [Server thread/INFO]: File "menus/default_select_reward.yml" is up to date. Importing configurations.
[18:38:24] [Server thread/INFO]: Menu "default_rewards_preview" loaded successfully
[18:38:24] [Server thread/INFO]: Menu "default_crate_milestones" loaded successfully
[18:38:24] [Server thread/INFO]: Menu "default_select_reward" loaded successfully
[18:38:24] [Server thread/INFO]: Loading players data...
[18:38:24] [Server thread/INFO]: Loading crates...
[18:38:24] [Server thread/INFO]: Loading file "locations.yml".
[18:38:24] [Server thread/INFO]: File "locations.yml" is up to date. Importing configurations.
[18:38:25] [Server thread/INFO]: Loading file "crates/example3.yml".
[18:38:25] [Server thread/INFO]: File "crates/example3.yml" is up to date. Importing configurations.
[18:38:25] [Server thread/INFO]: Loading file "crates/example2.yml".
[18:38:25] [Server thread/INFO]: File "crates/example2.yml" is up to date. Importing configurations.
[18:38:25] [Server thread/INFO]: Loading file "crates/example1.yml".
[18:38:25] [Server thread/INFO]: File "crates/example1.yml" is up to date. Importing configurations.
[18:38:25] [Server thread/INFO]: Loaded 3 types.
[18:38:25] [Server thread/INFO]: Loaded 0 crates.
[18:38:25] [Server thread/INFO]: [EssentialsChat] Enabling EssentialsChat v2.21.1-dev+12-8455212
[18:38:25] [Server thread/WARN]: [EssentialsChat] Version mismatch! Please update all Essentials jars to the same version.
[18:38:25] [Server thread/INFO]: [EssentialsChat] Starting Metrics. Opt-out using the global bStats config.
[18:38:25] [Server thread/INFO]: [Geyser-Spigot] Enabling Geyser-Spigot v2.7.0-SNAPSHOT
[18:38:25] [Server thread/INFO]: [CommandPanels] Enabling CommandPanels v3.21.5
[18:38:25] [Server thread/INFO]: [CommandPanels] RockyHawk's CommandPanels v3.21.5 Plugin Loading...
[18:38:25] [Server thread/INFO]: [PlaceholderAPI] Successfully registered internal expansion: commandpanels [1.0.0]
[18:38:25] [Server thread/INFO]: [CommandPanels] RockyHawk's CommandPanels v3.21.5 Plugin Loaded!
[18:38:25] [Server thread/INFO]: [EssentialsSpawn] Enabling EssentialsSpawn v2.21.1-dev+12-8455212
[18:38:25] [Server thread/WARN]: [EssentialsSpawn] Version mismatch! Please update all Essentials jars to the same version.
[18:38:25] [Server thread/INFO]: [EssentialsSpawn] Starting Metrics. Opt-out using the global bStats config.
[18:38:25] [Server thread/INFO]: [DiscordSRV] Enabling DiscordSRV v1.29.0
[18:38:25] [Server thread/INFO]: [spark] Starting background profiler...
[18:38:26] [Server thread/INFO]: [PlaceholderAPI] Placeholder expansion registration initializing...
[18:38:26] [Server thread/INFO]: [Geyser-Spigot] ******************************************
[18:38:26] [Server thread/INFO]: [Geyser-Spigot] 
[18:38:26] [Server thread/INFO]: [Geyser-Spigot] Loading Geyser version 2.7.0-b800 (git-master-ae130cf)
[18:38:26] [Server thread/INFO]: [Geyser-Spigot] 
[18:38:26] [Server thread/INFO]: [Geyser-Spigot] ******************************************
[18:38:27] [DiscordSRV - Initialization/INFO]: [DiscordSRV] [JDA] Login Successful!
[18:38:27] [JDA MainWS-ReadThread/INFO]: [DiscordSRV] [JDA] Connected to WebSocket
[18:38:27] [JDA MainWS-ReadThread/INFO]: [DiscordSRV] [JDA] Finished Loading!
[18:38:27] [DiscordSRV - Initialization/INFO]: [DiscordSRV] Console forwarding assigned to channel TC:consola(1357070297861455892)
[18:38:28] [DiscordSRV - Initialization/INFO]: [DiscordSRV] Enabling Essentials hook
[18:38:28] [DiscordSRV - Initialization/INFO]: [DiscordSRV] Enabling LuckPerms hook
[18:38:28] [DiscordSRV - Initialization/INFO]: [DiscordSRV] Enabling PlaceholderAPI hook
[18:38:28] [pool-64-thread-1/INFO]: [DiscordSRV] DiscordSRV is up-to-date. (9d4734818ab27069d76f264a4cda74a699806770)
[18:38:30] [epollEventLoopGroup-3-1/INFO]: [Geyser-Spigot] Started Geyser on UDP port 19132
[18:38:30] [Server thread/INFO]: [Geyser-Spigot] Done (3.805s)! Run /geyser help for help!
[18:38:30] [Server thread/INFO]: Done preparing level "world" (20.013s)
[18:38:30] [Server thread/INFO]: Running delayed init tasks
[18:38:30] [Craft Scheduler Thread - 2 - ViaVersion/INFO]: [ViaVersion] Finished mapping loading, shutting down loader executor.
[18:38:30] [Craft Scheduler Thread - 0 - Essentials/INFO]: [Essentials] Fetching version information...
[18:38:30] [Server thread/INFO]: [Essentials] Essentials found a compatible payment resolution method: Vault Compatibility Layer (v1.7.3-b131)!
[18:38:30] [Craft Scheduler Thread - 8 - Vault/INFO]: [Vault] Checking for Updates ... 
[18:38:30] [Craft Scheduler Thread - 8 - Vault/INFO]: [Vault] No new version available
[18:38:30] [Server thread/INFO]: [PlaceholderAPI] Successfully registered external expansion: server [2.7.3]
[18:38:30] [Server thread/INFO]: [PlaceholderAPI] Successfully registered external expansion: luckperms [5.4-R2]
[18:38:30] [Server thread/WARN]: [PlaceholderAPI] Cannot load expansion playerstats due to a missing plugin: PlayerStats
[18:38:30] [Server thread/INFO]: [PlaceholderAPI] Successfully registered external expansion: player [2.0.8]
[18:38:30] [Server thread/INFO]: [PlaceholderAPI] Successfully registered external expansion: vault [1.8.3]
[18:38:30] [Server thread/INFO]: [PlaceholderAPI] Successfully registered external expansion: statistic [2.0.2]
[18:38:30] [Server thread/INFO]: 5 placeholder hook(s) registered!
[18:38:30] [Server thread/INFO]: [PlaceholderAPI] Successfully registered internal expansion: discordsrv [1.29.0]
[18:38:30] [Server thread/INFO]: [CataMines] Loading mines from files...
[18:38:30] [Server thread/INFO]: [CataMines] Starting mines and registering commands. Running version 2.5.11
[18:38:30] [Server thread/INFO]: [CataMines] Registering listeners
[18:38:30] [Server thread/INFO]: Done (39.923s)! For help, type "help"
[18:38:30] [Craft Scheduler Thread - 5 - RealScoreboard/INFO]: [RealScoreboard] The plugin is updated to the latest version.
[18:38:30] [DiscordSRV - JDA Callback 0/INFO]: [DiscordSRV] Cleared all pre-existing slash commands in 1/1 guilds (0 cancelled)
[18:40:39] [epollEventLoopGroup-4-1/INFO]: [Geyser-Spigot] Player connected with username Capybara mc7664
[18:40:39] [localSession-7-2/INFO]: [Geyser-Spigot] Capybara mc7664 (logged in as: Capybara_mc7664) has connected to the Java server
[18:40:39] [Server thread/INFO]: [floodgate] Floodgate player logged in as -Capybara_mc7664 joined (UUID: 00000000-0000-0000-0009-01f19c5e3537)
[18:40:39] [Server thread/INFO]: -Capybara_mc7664 joined the game
[18:40:39] [Server thread/INFO]: -Capybara_mc7664[/127.0.0.1:0] logged in with entity id 52 at ([world]6.5, 64.0, -2.5)
[18:40:40] [Server thread/INFO]: -Capybara_mc7664 has made the advancement [Getting an Upgrade]
[18:40:47] [Server thread/INFO]: [Not Secure] [Server] hola
[18:41:23] [Server thread/INFO]: -Capybara_mc7664 tried to swim in lava
[18:42:58] [Server thread/INFO]: [Not Secure] [Server] hola
[18:43:07] [Async Chat Thread - #2/INFO]: [Not Secure] <-Capybara_mc7664> hola?
[18:44:07] [Server thread/INFO]: -Capybara_mc7664 has made the advancement [Stone Age]
[18:44:28] [Server thread/INFO]: -Capybara_mc7664 was slain by Spider
[18:45:07] [Server thread/INFO]: -Capybara_mc7664 was slain by Wolf
[18:45:09] [epollEventLoopGroup-4-1/INFO]: [Geyser-Spigot] Capybara mc7664 has disconnected from the Java server because of Bedrock client disconnected
[18:45:09] [Geyser Spigot connection thread-6-3/INFO]: [floodgate] Floodgate player logged in as -Capybara_mc7664 disconnected
[18:45:09] [Server thread/INFO]: -Capybara_mc7664 lost connection: Disconnected
[18:45:09] [Server thread/INFO]: -Capybara_mc7664 left the game
